  Building 'HiderDriver' with toolset 'WindowsKernelModeDriver10.0' and the 'Universal' target platform.
  Stamping x64\Debug\HiderDriver.inf
  Stamping [Version] section with DriverVer=10/09/2024,21.10.42.534
  Driver.cpp
  HiderDriver.vcxproj -> V:\KernelLand\HideProcess\HiderDriver\x64\Debug\HiderDriver.sys
  Done Adding Additional Store
  Successfully signed: V:\KernelLand\HideProcess\HiderDriver\x64\Debug\HiderDriver.sys
  
  Driver is 'Universal'.
  ........................
  Signability test complete.
  
  Errors:
  None
  
  Warnings:
  None
  
  Catalog generation complete.
  V:\KernelLand\HideProcess\HiderDriver\x64\Debug\HiderDriver\hiderdriver.cat
  Done Adding Additional Store
  Successfully signed: V:\KernelLand\HideProcess\HiderDriver\x64\Debug\HiderDriver\hiderdriver.cat
  
  "pwsh.exe" no se reconoce como un comando interno o externo,
  programa o archivo por lotes ejecutable.
